<?xml version="1.0" encoding="UTF-8"?>
<!-- Generated by org.testng.reporters.JUnitXMLReporter -->
<testsuite hostname="c333393" name="Default test" tests="4" failures="0" timestamp="1 Aug 2016 17:18:47 GMT" time="117.367" errors="0">
  <testcase name="searchProcedure" time="116.653" classname="com.seleniumtests.test.WebDriverExcercise"/>
  <testcase name="testForGoogleAnalyticsPresent" time="0.254" classname="com.seleniumtests.test.WebDriverExcercise"/>
  <testcase name="testIfVideosReturnedInResult" time="0.219" classname="com.seleniumtests.test.WebDriverExcercise"/>
  <testcase name="testIfCorrectTypeofVideoPresentInResult" time="0.211" classname="com.seleniumtests.test.WebDriverExcercise"/>
</testsuite> <!-- Default test -->
