<?xml version="1.0" encoding="UTF-8"?>
<!-- Generated by org.testng.reporters.JUnitXMLReporter -->
<testsuite hostname="c333393" name="Test in FF" tests="4" failures="0" timestamp="1 Aug 2016 17:39:04 GMT" time="64.934" errors="0">
  <testcase name="searchProcedure" time="63.975" classname="com.seleniumtests.test.WebDriverExcercise"/>
  <testcase name="testForGoogleAnalyticsPresent" time="0.334" classname="com.seleniumtests.test.WebDriverExcercise"/>
  <testcase name="testIfVideosReturnedInResult" time="0.3" classname="com.seleniumtests.test.WebDriverExcercise"/>
  <testcase name="testIfCorrectTypeofVideoPresentInResult" time="0.302" classname="com.seleniumtests.test.WebDriverExcercise"/>
</testsuite> <!-- Test in FF -->
