<?xml version="1.0" encoding="UTF-8"?>
<testng-results skipped="0" failed="0" total="4" passed="4">
  <reporter-output>
    <line>
      <![CDATA[**Search Performed for the Supplied Keyword.**]]>
    </line>
    <line>
      <![CDATA[**One or more Number video(s) returned in the search result for the supplied keyword.**]]>
    </line>
    <line>
      <![CDATA[**Correct Type of video asset returned in the result.**]]>
    </line>
  </reporter-output>
  <suite name="Selenium Tests" duration-ms="64934" started-at="2016-08-01T17:37:59Z" finished-at="2016-08-01T17:39:04Z">
    <groups>
    </groups>
    <test name="Test in FF" duration-ms="64934" started-at="2016-08-01T17:37:59Z" finished-at="2016-08-01T17:39:04Z">
      <class name="com.seleniumtests.test.WebDriverExcercise">
        <test-method status="PASS" signature="initalisation(java.lang.String)[pri:0, instance:com.seleniumtests.test.WebDriverExcercise@7e0ea639]" name="initalisation" is-config="true" duration-ms="4829" started-at="2016-08-01T18:37:55Z" finished-at="2016-08-01T18:37:59Z">
          <params>
            <param index="0">
              <value>
                <![CDATA[FF]]>
              </value>
            </param>
          </params>
          <reporter-output>
          </reporter-output>
        </test-method> <!-- initalisation -->
        <test-method status="PASS" signature="searchProcedure(com.seleniumtests.dataobject.LandingPageData)[pri:0, instance:com.seleniumtests.test.WebDriverExcercise@7e0ea639]" name="searchProcedure" duration-ms="63975" started-at="2016-08-01T18:37:59Z" data-provider="searchData" finished-at="2016-08-01T18:39:03Z">
          <params>
            <param index="0">
              <value>
                <![CDATA[com.seleniumtests.dataobject.LandingPageData@287b86af]]>
              </value>
            </param>
          </params>
          <reporter-output>
            <line>
              <![CDATA[**Search Performed for the Supplied Keyword.**]]>
            </line>
          </reporter-output>
        </test-method> <!-- searchProcedure -->
        <test-method status="PASS" signature="testForGoogleAnalyticsPresent()[pri:0, instance:com.seleniumtests.test.WebDriverExcercise@7e0ea639]" name="testForGoogleAnalyticsPresent" duration-ms="334" started-at="2016-08-01T18:39:03Z" finished-at="2016-08-01T18:39:04Z">
          <reporter-output>
          </reporter-output>
        </test-method> <!-- testForGoogleAnalyticsPresent -->
        <test-method status="PASS" signature="testIfVideosReturnedInResult()[pri:0, instance:com.seleniumtests.test.WebDriverExcercise@7e0ea639]" name="testIfVideosReturnedInResult" duration-ms="300" started-at="2016-08-01T18:39:04Z" depends-on-methods="com.seleniumtests.test.WebDriverExcercise.searchProcedure" finished-at="2016-08-01T18:39:04Z">
          <reporter-output>
            <line>
              <![CDATA[**One or more Number video(s) returned in the search result for the supplied keyword.**]]>
            </line>
          </reporter-output>
        </test-method> <!-- testIfVideosReturnedInResult -->
        <test-method status="PASS" signature="testIfCorrectTypeofVideoPresentInResult()[pri:0, instance:com.seleniumtests.test.WebDriverExcercise@7e0ea639]" name="testIfCorrectTypeofVideoPresentInResult" duration-ms="302" started-at="2016-08-01T18:39:04Z" depends-on-methods="com.seleniumtests.test.WebDriverExcercise.testIfVideosReturnedInResult" finished-at="2016-08-01T18:39:04Z">
          <reporter-output>
            <line>
              <![CDATA[**Correct Type of video asset returned in the result.**]]>
            </line>
          </reporter-output>
        </test-method> <!-- testIfCorrectTypeofVideoPresentInResult -->
        <test-method status="FAIL" signature="closeBrowser()[pri:0, instance:com.seleniumtests.test.WebDriverExcercise@7e0ea639]" name="closeBrowser" is-config="true" duration-ms="0" started-at="2016-08-01T18:39:04Z" finished-at="2016-08-01T18:39:04Z">
          <exception class="java.lang.AssertionError">
            <message>
              <![CDATA[The following asserts failed:
	expected [true] but found [false]]]>
            </message>
            <full-stacktrace>
              <![CDATA[java.lang.AssertionError: The following asserts failed:
	expected [true] but found [false]
	at org.testng.asserts.SoftAssert.assertAll(SoftAssert.java:43)
	at com.seleniumtests.core.SelTestCase.closeBrowser(SelTestCase.java:80)
	at sun.reflect.NativeMethodAccessorImpl.invoke0(Native Method)
	at sun.reflect.NativeMethodAccessorImpl.invoke(NativeMethodAccessorImpl.java:62)
	at sun.reflect.DelegatingMethodAccessorImpl.invoke(DelegatingMethodAccessorImpl.java:43)
	at java.lang.reflect.Method.invoke(Method.java:497)
	at org.testng.internal.MethodInvocationHelper.invokeMethod(MethodInvocationHelper.java:86)
	at org.testng.internal.Invoker.invokeConfigurationMethod(Invoker.java:514)
	at org.testng.internal.Invoker.invokeConfigurations(Invoker.java:215)
	at org.testng.internal.Invoker.invokeConfigurations(Invoker.java:142)
	at org.testng.SuiteRunner.privateRun(SuiteRunner.java:336)
	at org.testng.SuiteRunner.run(SuiteRunner.java:268)
	at org.testng.SuiteRunnerWorker.runSuite(SuiteRunnerWorker.java:52)
	at org.testng.SuiteRunnerWorker.run(SuiteRunnerWorker.java:86)
	at org.testng.TestNG.runSuitesSequentially(TestNG.java:1244)
	at org.testng.TestNG.runSuitesLocally(TestNG.java:1169)
	at org.testng.TestNG.run(TestNG.java:1064)
	at org.testng.remote.RemoteTestNG.run(RemoteTestNG.java:113)
	at org.testng.remote.RemoteTestNG.initAndRun(RemoteTestNG.java:206)
	at org.testng.remote.RemoteTestNG.main(RemoteTestNG.java:177)
]]>
            </full-stacktrace>
          </exception> <!-- java.lang.AssertionError -->
          <reporter-output>
          </reporter-output>
        </test-method> <!-- closeBrowser -->
      </class> <!-- com.seleniumtests.test.WebDriverExcercise -->
    </test> <!-- Test in FF -->
  </suite> <!-- Selenium Tests -->
</testng-results>
